Base path: 'C:/Program Files/Unity/Hub/Editor/2019.2.13f1/Editor/Data', plugins path 'C:/Program Files/Unity/Hub/Editor/2019.2.13f1/Editor/Data/PlaybackEngines'
Cmd: initializeCompiler
Cmd: compileComputeKernel
  error: 1 plat 4 at SimpleParticleSystem.compute(82): signed/unsigned mismatch, unsigned assumed
  api=4 insize=2573 outsize=1624 ok=1
Cmd: compileComputeKernel
  error: 1 plat 4 at CircleCompute.compute(42): signed/unsigned mismatch, unsigned assumed
  api=4 insize=1577 outsize=1134 ok=1
Cmd: compileComputeKernel
  error: 1 plat 4 at CircleCompute.compute(79): signed/unsigned mismatch, unsigned assumed
  api=4 insize=2701 outsize=1543 ok=1
Cmd: compileComputeKernel
  api=4 insize=1635 outsize=223 ok=1
Cmd: compileComputeKernel
  error: 2 plat 4 at WhereCompute.compute(66): syntax error: unexpected token 'f'
  error: 2 plat 4 at WhereCompute.compute(68): syntax error: unexpected token ')'
  error: 2 plat 4 at WhereCompute.compute(87): undeclared identifier 'idx'
  api=4 insize=2246 outsize=0 ok=0
Cmd: compileComputeKernel
  api=4 insize=2564 outsize=1005 ok=1
Cmd: compileComputeKernel
  api=4 insize=1608 outsize=824 ok=1
Cmd: compileComputeKernel
  error: 2 plat 4 at ProunounParticleSystem.compute(59): 'distance': identifier represents a variable, not a function
  api=4 insize=1743 outsize=0 ok=0
Cmd: compileSnippet
  api=4 type=0 insize=1596 outsize=2002 kw=UNITY_PASS_FORWARDBASE DIRECTIONAL SHADOWS_SCREEN LIGHTPROBE_SH pd=UNITY_ENABLE_REFLECTION_BUFFERS UNITY_USE_DITHER_MASK_FOR_ALPHABLENDED_SHADOWS UNITY_PBS_USE_BRDF1 UNITY_SPECCUBE_BOX_PROJECTION UNITY_SPECCUBE_BLENDING UNITY_ENABLE_DETAIL_NORMALMAP SHADER_API_DESKTOP UNITY_COLORSPACE_GAMMA UNITY_LIGHT_PROBE_PROXY_VOLUME UNITY_LIGHTMAP_FULL_HDR ok=1
Cmd: compileComputeKernel
  api=4 insize=2101 outsize=1549 ok=1
Cmd: compileComputeKernel
  error: 2 plat 4 at SphereCompute.compute(68): undeclared identifier 'ditance'
  api=4 insize=2283 outsize=0 ok=0
