Base path: 'C:/Program Files/Unity/Hub/Editor/2019.2.13f1/Editor/Data', plugins path 'C:/Program Files/Unity/Hub/Editor/2019.2.13f1/Editor/Data/PlaybackEngines'
Cmd: initializeCompiler
Cmd: compileComputeKernel
  error: 1 plat 4 at SimpleParticleSystem.compute(93): signed/unsigned mismatch, unsigned assumed
  api=4 insize=3067 outsize=1624 ok=1
Cmd: compileComputeKernel
  error: 1 plat 4 at CircleCompute.compute(77): signed/unsigned mismatch, unsigned assumed
  api=4 insize=2391 outsize=1543 ok=1
Cmd: compileComputeKernel
  error: 1 plat 4 at CircleCompute.compute(75): signed/unsigned mismatch, unsigned assumed
  api=4 insize=2387 outsize=1543 ok=1
Cmd: compileComputeKernel
  error: 2 plat 4 at (0): Program 'CSMain', error X3084: 'numthreads(X,Y,Z)' attribute expected, where 'X,Y,Z' are the dimensions of the thread group
  api=4 insize=1550 outsize=0 ok=0
Cmd: compileComputeKernel
  error: 2 plat 4 at WhereCompute.compute(17): redefinition of 'float'
  api=4 insize=2525 outsize=0 ok=0
Cmd: compileComputeKernel
  error: 2 plat 4 at WhereCompute.compute(99): undeclared identifier '__WhereLineRenderBuffer'
  api=4 insize=2932 outsize=0 ok=0
Cmd: compileComputeKernel
  api=4 insize=1689 outsize=864 ok=1
Cmd: compileComputeKernel
  error: 2 plat 4 at ProunounParticleSystem.compute(59): 'distance': identifier represents a variable, not a function
  api=4 insize=1787 outsize=0 ok=0
Cmd: compileSnippet
  api=4 type=1 insize=1596 outsize=7190 kw=UNITY_PASS_FORWARDBASE DIRECTIONAL SHADOWS_SCREEN LIGHTPROBE_SH pd=UNITY_ENABLE_REFLECTION_BUFFERS UNITY_USE_DITHER_MASK_FOR_ALPHABLENDED_SHADOWS UNITY_PBS_USE_BRDF1 UNITY_SPECCUBE_BOX_PROJECTION UNITY_SPECCUBE_BLENDING UNITY_ENABLE_DETAIL_NORMALMAP SHADER_API_DESKTOP UNITY_COLORSPACE_GAMMA UNITY_LIGHT_PROBE_PROXY_VOLUME UNITY_LIGHTMAP_FULL_HDR ok=1
Cmd: compileComputeKernel
  error: 2 plat 4 at SphereCompute.compute(65): undeclared identifier '_WolrdSegmentBuffer'
  api=4 insize=2007 outsize=0 ok=0
